Using Spark's default log4j profile: org/apache/spark/log4j-defaults.properties
17/03/13 10:54:30 INFO SparkContext: Running Spark version 1.5.0
17/03/13 10:54:30 WARN NativeCodeLoader: Unable to load native-hadoop library for your platform... using builtin-java classes where applicable
17/03/13 10:54:30 WARN Utils: Your hostname, n resolves to a loopback address: 127.0.1.1; using 192.168.3.154 instead (on interface wlan0)
17/03/13 10:54:30 WARN Utils: Set SPARK_LOCAL_IP if you need to bind to another address
17/03/13 10:54:30 INFO SecurityManager: Changing view acls to: nophiq
17/03/13 10:54:30 INFO SecurityManager: Changing modify acls to: nophiq
17/03/13 10:54:30 INFO SecurityManager: SecurityManager: authentication disabled; ui acls disabled; users with view permissions: Set(nophiq); users with modify permissions: Set(nophiq)
17/03/13 10:54:30 INFO Slf4jLogger: Slf4jLogger started
17/03/13 10:54:31 INFO Remoting: Starting remoting
17/03/13 10:54:31 INFO Remoting: Remoting started; listening on addresses :[akka.tcp://sparkDriver@192.168.3.154:42031]
17/03/13 10:54:31 INFO Utils: Successfully started service 'sparkDriver' on port 42031.
17/03/13 10:54:31 INFO SparkEnv: Registering MapOutputTracker
17/03/13 10:54:31 INFO SparkEnv: Registering BlockManagerMaster
17/03/13 10:54:31 INFO DiskBlockManager: Created local directory at /tmp/blockmgr-f6d7eb71-e893-44b2-92e1-f896bbcd0262
17/03/13 10:54:31 INFO MemoryStore: MemoryStore started with capacity 2.1 GB
17/03/13 10:54:31 INFO HttpFileServer: HTTP File server directory is /tmp/spark-a0874a9a-d3fe-46ab-9eee-460112de2e4e/httpd-b0b183ee-d4ac-4710-b420-5d86d34d41a4
17/03/13 10:54:31 INFO HttpServer: Starting HTTP Server
17/03/13 10:54:31 INFO Utils: Successfully started service 'HTTP file server' on port 36303.
17/03/13 10:54:31 INFO SparkEnv: Registering OutputCommitCoordinator
17/03/13 10:54:31 INFO Utils: Successfully started service 'SparkUI' on port 4040.
17/03/13 10:54:31 INFO SparkUI: Started SparkUI at http://192.168.3.154:4040
17/03/13 10:54:31 INFO SparkContext: Added JAR file:/home/nophiq/github/mrmr/target/scala-2.10/mrmr_2.10-1.0.jar at http://192.168.3.154:36303/jars/mrmr_2.10-1.0.jar with timestamp 1489398871316
17/03/13 10:54:31 WARN MetricsSystem: Using default name DAGScheduler for source because spark.app.id is not set.
17/03/13 10:54:31 INFO Executor: Starting executor ID driver on host localhost
17/03/13 10:54:31 INFO Utils: Successfully started service 'org.apache.spark.network.netty.NettyBlockTransferService' on port 50073.
17/03/13 10:54:31 INFO NettyBlockTransferService: Server created on 50073
17/03/13 10:54:31 INFO BlockManagerMaster: Trying to register BlockManager
17/03/13 10:54:31 INFO BlockManagerMasterEndpoint: Registering block manager localhost:50073 with 2.1 GB RAM, BlockManagerId(driver, localhost, 50073)
17/03/13 10:54:31 INFO BlockManagerMaster: Registered BlockManager
17/03/13 10:54:31 INFO MemoryStore: ensureFreeSpace(130448) called with curMem=0, maxMem=2222739947
17/03/13 10:54:31 INFO MemoryStore: Block broadcast_0 stored as values in memory (estimated size 127.4 KB, free 2.1 GB)
17/03/13 10:54:31 INFO MemoryStore: ensureFreeSpace(14276) called with curMem=130448, maxMem=2222739947
17/03/13 10:54:31 INFO MemoryStore: Block broadcast_0_piece0 stored as bytes in memory (estimated size 13.9 KB, free 2.1 GB)
17/03/13 10:54:31 INFO BlockManagerInfo: Added broadcast_0_piece0 in memory on localhost:50073 (size: 13.9 KB, free: 2.1 GB)
17/03/13 10:54:31 INFO SparkContext: Created broadcast 0 from textFile at Run.scala:47
17/03/13 10:54:32 INFO FileInputFormat: Total input paths to process : 1
17/03/13 10:54:32 INFO SparkContext: Starting job: first at Run.scala:47
17/03/13 10:54:32 INFO DAGScheduler: Got job 0 (first at Run.scala:47) with 1 output partitions
17/03/13 10:54:32 INFO DAGScheduler: Final stage: ResultStage 0(first at Run.scala:47)
17/03/13 10:54:32 INFO DAGScheduler: Parents of final stage: List()
17/03/13 10:54:32 INFO DAGScheduler: Missing parents: List()
17/03/13 10:54:32 INFO DAGScheduler: Submitting ResultStage 0 (MapPartitionsRDD[1] at textFile at Run.scala:47), which has no missing parents
17/03/13 10:54:32 INFO MemoryStore: ensureFreeSpace(3160) called with curMem=144724, maxMem=2222739947
17/03/13 10:54:32 INFO MemoryStore: Block broadcast_1 stored as values in memory (estimated size 3.1 KB, free 2.1 GB)
17/03/13 10:54:32 INFO MemoryStore: ensureFreeSpace(1834) called with curMem=147884, maxMem=2222739947
17/03/13 10:54:32 INFO MemoryStore: Block broadcast_1_piece0 stored as bytes in memory (estimated size 1834.0 B, free 2.1 GB)
17/03/13 10:54:32 INFO BlockManagerInfo: Added broadcast_1_piece0 in memory on localhost:50073 (size: 1834.0 B, free: 2.1 GB)
17/03/13 10:54:32 INFO SparkContext: Created broadcast 1 from broadcast at DAGScheduler.scala:861
17/03/13 10:54:32 INFO DAGScheduler: Submitting 1 missing tasks from ResultStage 0 (MapPartitionsRDD[1] at textFile at Run.scala:47)
17/03/13 10:54:32 INFO TaskSchedulerImpl: Adding task set 0.0 with 1 tasks
17/03/13 10:54:32 INFO TaskSetManager: Starting task 0.0 in stage 0.0 (TID 0, localhost, PROCESS_LOCAL, 2231 bytes)
17/03/13 10:54:32 INFO Executor: Running task 0.0 in stage 0.0 (TID 0)
17/03/13 10:54:32 INFO Executor: Fetching http://192.168.3.154:36303/jars/mrmr_2.10-1.0.jar with timestamp 1489398871316
17/03/13 10:54:32 INFO Utils: Fetching http://192.168.3.154:36303/jars/mrmr_2.10-1.0.jar to /tmp/spark-a0874a9a-d3fe-46ab-9eee-460112de2e4e/userFiles-0b26f10a-7bbb-45a6-be86-e562788ce7f7/fetchFileTemp3885869902811481520.tmp
17/03/13 10:54:32 INFO Executor: Adding file:/tmp/spark-a0874a9a-d3fe-46ab-9eee-460112de2e4e/userFiles-0b26f10a-7bbb-45a6-be86-e562788ce7f7/mrmr_2.10-1.0.jar to class loader
17/03/13 10:54:32 INFO HadoopRDD: Input split: file:/home/nophiq/github/mrmr/data/mrmr.50x20.rw.x0_7.class.csv:0+20
17/03/13 10:54:32 INFO deprecation: mapred.tip.id is deprecated. Instead, use mapreduce.task.id
17/03/13 10:54:32 INFO deprecation: mapred.task.id is deprecated. Instead, use mapreduce.task.attempt.id
17/03/13 10:54:32 INFO deprecation: mapred.task.is.map is deprecated. Instead, use mapreduce.task.ismap
17/03/13 10:54:32 INFO deprecation: mapred.task.partition is deprecated. Instead, use mapreduce.task.partition
17/03/13 10:54:32 INFO deprecation: mapred.job.id is deprecated. Instead, use mapreduce.job.id
17/03/13 10:54:32 INFO Executor: Finished task 0.0 in stage 0.0 (TID 0). 2086 bytes result sent to driver
17/03/13 10:54:32 INFO TaskSetManager: Finished task 0.0 in stage 0.0 (TID 0) in 115 ms on localhost (1/1)
17/03/13 10:54:32 INFO TaskSchedulerImpl: Removed TaskSet 0.0, whose tasks have all completed, from pool 
17/03/13 10:54:32 INFO DAGScheduler: ResultStage 0 (first at Run.scala:47) finished in 0.124 s
17/03/13 10:54:32 INFO DAGScheduler: Job 0 finished: first at Run.scala:47, took 0.162917 s
17/03/13 10:54:32 INFO MemoryStore: ensureFreeSpace(63312) called with curMem=149718, maxMem=2222739947
17/03/13 10:54:32 INFO MemoryStore: Block broadcast_2 stored as values in memory (estimated size 61.8 KB, free 2.1 GB)
17/03/13 10:54:32 INFO MemoryStore: ensureFreeSpace(19788) called with curMem=213030, maxMem=2222739947
17/03/13 10:54:32 INFO MemoryStore: Block broadcast_2_piece0 stored as bytes in memory (estimated size 19.3 KB, free 2.1 GB)
17/03/13 10:54:32 INFO BlockManagerInfo: Added broadcast_2_piece0 in memory on localhost:50073 (size: 19.3 KB, free: 2.1 GB)
17/03/13 10:54:32 INFO SparkContext: Created broadcast 2 from textFile at Run.scala:49
17/03/13 10:54:32 INFO FileInputFormat: Total input paths to process : 1
17/03/13 10:54:32 INFO SparkContext: Starting job: reduce at IterativeFeatureSelection.scala:187
17/03/13 10:54:32 INFO DAGScheduler: Got job 1 (reduce at IterativeFeatureSelection.scala:187) with 2 output partitions
17/03/13 10:54:32 INFO DAGScheduler: Final stage: ResultStage 1(reduce at IterativeFeatureSelection.scala:187)
17/03/13 10:54:32 INFO DAGScheduler: Parents of final stage: List()
17/03/13 10:54:32 INFO DAGScheduler: Missing parents: List()
17/03/13 10:54:32 INFO DAGScheduler: Submitting ResultStage 1 (MapPartitionsRDD[5] at map at IterativeFeatureSelection.scala:187), which has no missing parents
17/03/13 10:54:32 INFO MemoryStore: ensureFreeSpace(3408) called with curMem=232818, maxMem=2222739947
17/03/13 10:54:32 INFO MemoryStore: Block broadcast_3 stored as values in memory (estimated size 3.3 KB, free 2.1 GB)
17/03/13 10:54:32 INFO MemoryStore: ensureFreeSpace(1974) called with curMem=236226, maxMem=2222739947
17/03/13 10:54:32 INFO MemoryStore: Block broadcast_3_piece0 stored as bytes in memory (estimated size 1974.0 B, free 2.1 GB)
17/03/13 10:54:32 INFO BlockManagerInfo: Added broadcast_3_piece0 in memory on localhost:50073 (size: 1974.0 B, free: 2.1 GB)
17/03/13 10:54:32 INFO SparkContext: Created broadcast 3 from broadcast at DAGScheduler.scala:861
17/03/13 10:54:32 INFO DAGScheduler: Submitting 2 missing tasks from ResultStage 1 (MapPartitionsRDD[5] at map at IterativeFeatureSelection.scala:187)
17/03/13 10:54:32 INFO TaskSchedulerImpl: Adding task set 1.0 with 2 tasks
17/03/13 10:54:32 INFO TaskSetManager: Starting task 0.0 in stage 1.0 (TID 1, localhost, PROCESS_LOCAL, 2225 bytes)
17/03/13 10:54:32 INFO TaskSetManager: Starting task 1.0 in stage 1.0 (TID 2, localhost, PROCESS_LOCAL, 2225 bytes)
17/03/13 10:54:32 INFO Executor: Running task 0.0 in stage 1.0 (TID 1)
17/03/13 10:54:32 INFO Executor: Running task 1.0 in stage 1.0 (TID 2)
17/03/13 10:54:32 INFO HadoopRDD: Input split: file:/home/nophiq/github/mrmr/data/mrmr.50x20.rw.x0_7.csv:1070+1070
17/03/13 10:54:32 INFO HadoopRDD: Input split: file:/home/nophiq/github/mrmr/data/mrmr.50x20.rw.x0_7.csv:0+1070
17/03/13 10:54:32 INFO Executor: Finished task 1.0 in stage 1.0 (TID 2). 2122 bytes result sent to driver
17/03/13 10:54:32 INFO TaskSetManager: Finished task 1.0 in stage 1.0 (TID 2) in 12 ms on localhost (1/2)
17/03/13 10:54:32 INFO Executor: Finished task 0.0 in stage 1.0 (TID 1). 2122 bytes result sent to driver
17/03/13 10:54:32 INFO TaskSetManager: Finished task 0.0 in stage 1.0 (TID 1) in 15 ms on localhost (2/2)
17/03/13 10:54:32 INFO TaskSchedulerImpl: Removed TaskSet 1.0, whose tasks have all completed, from pool 
17/03/13 10:54:32 INFO DAGScheduler: ResultStage 1 (reduce at IterativeFeatureSelection.scala:187) finished in 0.015 s
17/03/13 10:54:32 INFO DAGScheduler: Job 1 finished: reduce at IterativeFeatureSelection.scala:187, took 0.022778 s
17/03/13 10:54:32 INFO MemoryStore: ensureFreeSpace(56) called with curMem=238200, maxMem=2222739947
17/03/13 10:54:32 INFO MemoryStore: Block broadcast_4 stored as values in memory (estimated size 56.0 B, free 2.1 GB)
17/03/13 10:54:32 INFO MemoryStore: ensureFreeSpace(65) called with curMem=238256, maxMem=2222739947
17/03/13 10:54:32 INFO MemoryStore: Block broadcast_4_piece0 stored as bytes in memory (estimated size 65.0 B, free 2.1 GB)
17/03/13 10:54:32 INFO BlockManagerInfo: Added broadcast_4_piece0 in memory on localhost:50073 (size: 65.0 B, free: 2.1 GB)
17/03/13 10:54:32 INFO SparkContext: Created broadcast 4 from broadcast at IterativeFeatureSelection.scala:189
17/03/13 10:54:32 INFO MemoryStore: ensureFreeSpace(56) called with curMem=238321, maxMem=2222739947
17/03/13 10:54:32 INFO MemoryStore: Block broadcast_5 stored as values in memory (estimated size 56.0 B, free 2.1 GB)
17/03/13 10:54:32 INFO MemoryStore: ensureFreeSpace(65) called with curMem=238377, maxMem=2222739947
17/03/13 10:54:32 INFO MemoryStore: Block broadcast_5_piece0 stored as bytes in memory (estimated size 65.0 B, free 2.1 GB)
17/03/13 10:54:32 INFO BlockManagerInfo: Added broadcast_5_piece0 in memory on localhost:50073 (size: 65.0 B, free: 2.1 GB)
17/03/13 10:54:32 INFO SparkContext: Created broadcast 5 from broadcast at IterativeFeatureSelection.scala:190
17/03/13 10:54:32 INFO MemoryStore: ensureFreeSpace(200) called with curMem=238442, maxMem=2222739947
17/03/13 10:54:32 INFO MemoryStore: Block broadcast_6 stored as values in memory (estimated size 200.0 B, free 2.1 GB)
17/03/13 10:54:32 INFO MemoryStore: ensureFreeSpace(90) called with curMem=238642, maxMem=2222739947
17/03/13 10:54:32 INFO MemoryStore: Block broadcast_6_piece0 stored as bytes in memory (estimated size 90.0 B, free 2.1 GB)
17/03/13 10:54:32 INFO BlockManagerInfo: Added broadcast_6_piece0 in memory on localhost:50073 (size: 90.0 B, free: 2.1 GB)
17/03/13 10:54:32 INFO SparkContext: Created broadcast 6 from broadcast at IterativeFeatureSelection.scala:191
17/03/13 10:54:33 INFO BlockManagerInfo: Removed broadcast_3_piece0 on localhost:50073 in memory (size: 1974.0 B, free: 2.1 GB)
17/03/13 10:54:33 INFO ContextCleaner: Cleaned accumulator 2
17/03/13 10:54:33 INFO BlockManagerInfo: Removed broadcast_1_piece0 on localhost:50073 in memory (size: 1834.0 B, free: 2.1 GB)
17/03/13 10:54:33 INFO ContextCleaner: Cleaned accumulator 1
17/03/13 10:54:33 INFO BlockManagerInfo: Removed broadcast_0_piece0 on localhost:50073 in memory (size: 13.9 KB, free: 2.1 GB)
17/03/13 10:54:33 INFO MemoryStore: ensureFreeSpace(40) called with curMem=83632, maxMem=2222739947
17/03/13 10:54:33 INFO MemoryStore: Block broadcast_7 stored as values in memory (estimated size 40.0 B, free 2.1 GB)
17/03/13 10:54:33 INFO MemoryStore: ensureFreeSpace(66) called with curMem=83672, maxMem=2222739947
17/03/13 10:54:33 INFO MemoryStore: Block broadcast_7_piece0 stored as bytes in memory (estimated size 66.0 B, free 2.1 GB)
17/03/13 10:54:33 INFO BlockManagerInfo: Added broadcast_7_piece0 in memory on localhost:50073 (size: 66.0 B, free: 2.1 GB)
17/03/13 10:54:33 INFO SparkContext: Created broadcast 7 from broadcast at IterativeFeatureSelection.scala:203
17/03/13 10:54:33 INFO MemoryStore: ensureFreeSpace(40) called with curMem=83738, maxMem=2222739947
17/03/13 10:54:33 INFO MemoryStore: Block broadcast_8 stored as values in memory (estimated size 40.0 B, free 2.1 GB)
17/03/13 10:54:33 INFO MemoryStore: ensureFreeSpace(50) called with curMem=83778, maxMem=2222739947
17/03/13 10:54:33 INFO MemoryStore: Block broadcast_8_piece0 stored as bytes in memory (estimated size 50.0 B, free 2.1 GB)
17/03/13 10:54:33 INFO BlockManagerInfo: Added broadcast_8_piece0 in memory on localhost:50073 (size: 50.0 B, free: 2.1 GB)
17/03/13 10:54:33 INFO SparkContext: Created broadcast 8 from broadcast at IterativeFeatureSelection.scala:204
17/03/13 10:54:33 INFO SparkContext: Starting job: takeOrdered at IterativeFeatureSelection.scala:224
17/03/13 10:54:33 INFO DAGScheduler: Got job 2 (takeOrdered at IterativeFeatureSelection.scala:224) with 2 output partitions
17/03/13 10:54:33 INFO DAGScheduler: Final stage: ResultStage 2(takeOrdered at IterativeFeatureSelection.scala:224)
17/03/13 10:54:33 INFO DAGScheduler: Parents of final stage: List()
17/03/13 10:54:33 INFO DAGScheduler: Missing parents: List()
17/03/13 10:54:33 INFO DAGScheduler: Submitting ResultStage 2 (MapPartitionsRDD[8] at takeOrdered at IterativeFeatureSelection.scala:224), which has no missing parents
17/03/13 10:54:33 INFO MemoryStore: ensureFreeSpace(5472) called with curMem=83828, maxMem=2222739947
17/03/13 10:54:33 INFO MemoryStore: Block broadcast_9 stored as values in memory (estimated size 5.3 KB, free 2.1 GB)
17/03/13 10:54:33 INFO MemoryStore: ensureFreeSpace(2827) called with curMem=89300, maxMem=2222739947
17/03/13 10:54:33 INFO MemoryStore: Block broadcast_9_piece0 stored as bytes in memory (estimated size 2.8 KB, free 2.1 GB)
17/03/13 10:54:33 INFO BlockManagerInfo: Added broadcast_9_piece0 in memory on localhost:50073 (size: 2.8 KB, free: 2.1 GB)
17/03/13 10:54:33 INFO SparkContext: Created broadcast 9 from broadcast at DAGScheduler.scala:861
17/03/13 10:54:33 INFO DAGScheduler: Submitting 2 missing tasks from ResultStage 2 (MapPartitionsRDD[8] at takeOrdered at IterativeFeatureSelection.scala:224)
17/03/13 10:54:33 INFO TaskSchedulerImpl: Adding task set 2.0 with 2 tasks
17/03/13 10:54:33 INFO TaskSetManager: Starting task 0.0 in stage 2.0 (TID 3, localhost, PROCESS_LOCAL, 2225 bytes)
17/03/13 10:54:33 INFO TaskSetManager: Starting task 1.0 in stage 2.0 (TID 4, localhost, PROCESS_LOCAL, 2225 bytes)
17/03/13 10:54:33 INFO Executor: Running task 0.0 in stage 2.0 (TID 3)
17/03/13 10:54:33 INFO Executor: Running task 1.0 in stage 2.0 (TID 4)
17/03/13 10:54:33 INFO CacheManager: Partition rdd_6_0 not found, computing it
17/03/13 10:54:33 INFO CacheManager: Partition rdd_6_1 not found, computing it
17/03/13 10:54:33 INFO HadoopRDD: Input split: file:/home/nophiq/github/mrmr/data/mrmr.50x20.rw.x0_7.csv:0+1070
17/03/13 10:54:33 INFO HadoopRDD: Input split: file:/home/nophiq/github/mrmr/data/mrmr.50x20.rw.x0_7.csv:1070+1070
17/03/13 10:54:33 INFO MemoryStore: ensureFreeSpace(6064) called with curMem=92127, maxMem=2222739947
17/03/13 10:54:33 INFO MemoryStore: Block rdd_6_1 stored as values in memory (estimated size 5.9 KB, free 2.1 GB)
17/03/13 10:54:33 INFO BlockManagerInfo: Added rdd_6_1 in memory on localhost:50073 (size: 5.9 KB, free: 2.1 GB)
17/03/13 10:54:33 INFO MemoryStore: ensureFreeSpace(6568) called with curMem=98191, maxMem=2222739947
17/03/13 10:54:33 INFO MemoryStore: Block rdd_6_0 stored as values in memory (estimated size 6.4 KB, free 2.1 GB)
17/03/13 10:54:33 INFO BlockManagerInfo: Added rdd_6_0 in memory on localhost:50073 (size: 6.4 KB, free: 2.1 GB)
17/03/13 10:54:33 INFO Executor: Finished task 1.0 in stage 2.0 (TID 4). 3429 bytes result sent to driver
17/03/13 10:54:33 INFO Executor: Finished task 0.0 in stage 2.0 (TID 3). 3428 bytes result sent to driver
17/03/13 10:54:33 INFO TaskSetManager: Finished task 1.0 in stage 2.0 (TID 4) in 33 ms on localhost (1/2)
17/03/13 10:54:33 INFO TaskSetManager: Finished task 0.0 in stage 2.0 (TID 3) in 34 ms on localhost (2/2)
17/03/13 10:54:33 INFO DAGScheduler: ResultStage 2 (takeOrdered at IterativeFeatureSelection.scala:224) finished in 0.034 s
17/03/13 10:54:33 INFO TaskSchedulerImpl: Removed TaskSet 2.0, whose tasks have all completed, from pool 
17/03/13 10:54:33 INFO DAGScheduler: Job 2 finished: takeOrdered at IterativeFeatureSelection.scala:224, took 0.048677 s
17/03/13 10:54:33 INFO MemoryStore: ensureFreeSpace(72) called with curMem=104759, maxMem=2222739947
17/03/13 10:54:33 INFO MemoryStore: Block broadcast_10 stored as values in memory (estimated size 72.0 B, free 2.1 GB)
17/03/13 10:54:33 INFO MemoryStore: ensureFreeSpace(30) called with curMem=104831, maxMem=2222739947
17/03/13 10:54:33 INFO MemoryStore: Block broadcast_10_piece0 stored as bytes in memory (estimated size 30.0 B, free 2.1 GB)
17/03/13 10:54:33 INFO BlockManagerInfo: Added broadcast_10_piece0 in memory on localhost:50073 (size: 30.0 B, free: 2.1 GB)
17/03/13 10:54:33 INFO SparkContext: Created broadcast 10 from broadcast at IterativeFeatureSelection.scala:227
17/03/13 10:54:33 INFO SparkContext: Starting job: collect at IterativeFeatureSelection.scala:228
17/03/13 10:54:33 INFO DAGScheduler: Got job 3 (collect at IterativeFeatureSelection.scala:228) with 2 output partitions
17/03/13 10:54:33 INFO DAGScheduler: Final stage: ResultStage 3(collect at IterativeFeatureSelection.scala:228)
17/03/13 10:54:33 INFO DAGScheduler: Parents of final stage: List()
17/03/13 10:54:33 INFO DAGScheduler: Missing parents: List()
17/03/13 10:54:33 INFO DAGScheduler: Submitting ResultStage 3 (MapPartitionsRDD[10] at flatMap at IterativeFeatureSelection.scala:228), which has no missing parents
17/03/13 10:54:33 INFO MemoryStore: ensureFreeSpace(4256) called with curMem=104861, maxMem=2222739947
17/03/13 10:54:33 INFO MemoryStore: Block broadcast_11 stored as values in memory (estimated size 4.2 KB, free 2.1 GB)
17/03/13 10:54:33 INFO MemoryStore: ensureFreeSpace(2301) called with curMem=109117, maxMem=2222739947
17/03/13 10:54:33 INFO MemoryStore: Block broadcast_11_piece0 stored as bytes in memory (estimated size 2.2 KB, free 2.1 GB)
17/03/13 10:54:33 INFO BlockManagerInfo: Added broadcast_11_piece0 in memory on localhost:50073 (size: 2.2 KB, free: 2.1 GB)
17/03/13 10:54:33 INFO SparkContext: Created broadcast 11 from broadcast at DAGScheduler.scala:861
17/03/13 10:54:33 INFO DAGScheduler: Submitting 2 missing tasks from ResultStage 3 (MapPartitionsRDD[10] at flatMap at IterativeFeatureSelection.scala:228)
17/03/13 10:54:33 INFO TaskSchedulerImpl: Adding task set 3.0 with 2 tasks
17/03/13 10:54:33 INFO TaskSetManager: Starting task 0.0 in stage 3.0 (TID 5, localhost, PROCESS_LOCAL, 2225 bytes)
17/03/13 10:54:33 INFO TaskSetManager: Starting task 1.0 in stage 3.0 (TID 6, localhost, PROCESS_LOCAL, 2225 bytes)
17/03/13 10:54:33 INFO Executor: Running task 1.0 in stage 3.0 (TID 6)
17/03/13 10:54:33 INFO Executor: Running task 0.0 in stage 3.0 (TID 5)
17/03/13 10:54:33 INFO BlockManager: Found block rdd_6_1 locally
17/03/13 10:54:33 INFO BlockManager: Found block rdd_6_0 locally
17/03/13 10:54:33 INFO Executor: Finished task 1.0 in stage 3.0 (TID 6). 2027 bytes result sent to driver
17/03/13 10:54:33 INFO Executor: Finished task 0.0 in stage 3.0 (TID 5). 2187 bytes result sent to driver
17/03/13 10:54:33 INFO TaskSetManager: Finished task 0.0 in stage 3.0 (TID 5) in 8 ms on localhost (1/2)
17/03/13 10:54:33 INFO TaskSetManager: Finished task 1.0 in stage 3.0 (TID 6) in 7 ms on localhost (2/2)
17/03/13 10:54:33 INFO TaskSchedulerImpl: Removed TaskSet 3.0, whose tasks have all completed, from pool 
17/03/13 10:54:33 INFO DAGScheduler: ResultStage 3 (collect at IterativeFeatureSelection.scala:228) finished in 0.008 s
17/03/13 10:54:33 INFO DAGScheduler: Job 3 finished: collect at IterativeFeatureSelection.scala:228, took 0.016041 s
17/03/13 10:54:33 INFO MemoryStore: ensureFreeSpace(96) called with curMem=111418, maxMem=2222739947
17/03/13 10:54:33 INFO MemoryStore: Block broadcast_12 stored as values in memory (estimated size 96.0 B, free 2.1 GB)
17/03/13 10:54:33 INFO MemoryStore: ensureFreeSpace(70) called with curMem=111514, maxMem=2222739947
17/03/13 10:54:33 INFO MemoryStore: Block broadcast_12_piece0 stored as bytes in memory (estimated size 70.0 B, free 2.1 GB)
17/03/13 10:54:33 INFO BlockManagerInfo: Added broadcast_12_piece0 in memory on localhost:50073 (size: 70.0 B, free: 2.1 GB)
17/03/13 10:54:33 INFO SparkContext: Created broadcast 12 from broadcast at IterativeFeatureSelection.scala:203
17/03/13 10:54:33 INFO MemoryStore: ensureFreeSpace(224) called with curMem=111584, maxMem=2222739947
17/03/13 10:54:33 INFO MemoryStore: Block broadcast_13 stored as values in memory (estimated size 224.0 B, free 2.1 GB)
17/03/13 10:54:33 INFO MemoryStore: ensureFreeSpace(102) called with curMem=111808, maxMem=2222739947
17/03/13 10:54:33 INFO MemoryStore: Block broadcast_13_piece0 stored as bytes in memory (estimated size 102.0 B, free 2.1 GB)
17/03/13 10:54:33 INFO BlockManagerInfo: Added broadcast_13_piece0 in memory on localhost:50073 (size: 102.0 B, free: 2.1 GB)
17/03/13 10:54:33 INFO SparkContext: Created broadcast 13 from broadcast at IterativeFeatureSelection.scala:204
17/03/13 10:54:33 INFO SparkContext: Starting job: takeOrdered at IterativeFeatureSelection.scala:224
17/03/13 10:54:33 INFO DAGScheduler: Got job 4 (takeOrdered at IterativeFeatureSelection.scala:224) with 2 output partitions
17/03/13 10:54:33 INFO DAGScheduler: Final stage: ResultStage 4(takeOrdered at IterativeFeatureSelection.scala:224)
17/03/13 10:54:33 INFO DAGScheduler: Parents of final stage: List()
17/03/13 10:54:33 INFO DAGScheduler: Missing parents: List()
17/03/13 10:54:33 INFO DAGScheduler: Submitting ResultStage 4 (MapPartitionsRDD[13] at takeOrdered at IterativeFeatureSelection.scala:224), which has no missing parents
17/03/13 10:54:33 INFO MemoryStore: ensureFreeSpace(5472) called with curMem=111910, maxMem=2222739947
17/03/13 10:54:33 INFO MemoryStore: Block broadcast_14 stored as values in memory (estimated size 5.3 KB, free 2.1 GB)
17/03/13 10:54:33 INFO MemoryStore: ensureFreeSpace(2824) called with curMem=117382, maxMem=2222739947
17/03/13 10:54:33 INFO MemoryStore: Block broadcast_14_piece0 stored as bytes in memory (estimated size 2.8 KB, free 2.1 GB)
17/03/13 10:54:33 INFO BlockManagerInfo: Added broadcast_14_piece0 in memory on localhost:50073 (size: 2.8 KB, free: 2.1 GB)
17/03/13 10:54:33 INFO SparkContext: Created broadcast 14 from broadcast at DAGScheduler.scala:861
17/03/13 10:54:33 INFO DAGScheduler: Submitting 2 missing tasks from ResultStage 4 (MapPartitionsRDD[13] at takeOrdered at IterativeFeatureSelection.scala:224)
17/03/13 10:54:33 INFO TaskSchedulerImpl: Adding task set 4.0 with 2 tasks
17/03/13 10:54:33 INFO TaskSetManager: Starting task 0.0 in stage 4.0 (TID 7, localhost, PROCESS_LOCAL, 2225 bytes)
17/03/13 10:54:33 INFO TaskSetManager: Starting task 1.0 in stage 4.0 (TID 8, localhost, PROCESS_LOCAL, 2225 bytes)
17/03/13 10:54:33 INFO Executor: Running task 1.0 in stage 4.0 (TID 8)
17/03/13 10:54:33 INFO Executor: Running task 0.0 in stage 4.0 (TID 7)
17/03/13 10:54:33 INFO CacheManager: Partition rdd_11_1 not found, computing it
17/03/13 10:54:33 INFO HadoopRDD: Input split: file:/home/nophiq/github/mrmr/data/mrmr.50x20.rw.x0_7.csv:1070+1070
17/03/13 10:54:33 INFO CacheManager: Partition rdd_11_0 not found, computing it
17/03/13 10:54:33 INFO HadoopRDD: Input split: file:/home/nophiq/github/mrmr/data/mrmr.50x20.rw.x0_7.csv:0+1070
17/03/13 10:54:33 INFO MemoryStore: ensureFreeSpace(6064) called with curMem=120206, maxMem=2222739947
17/03/13 10:54:33 INFO MemoryStore: Block rdd_11_1 stored as values in memory (estimated size 5.9 KB, free 2.1 GB)
17/03/13 10:54:33 INFO BlockManagerInfo: Added rdd_11_1 in memory on localhost:50073 (size: 5.9 KB, free: 2.1 GB)
17/03/13 10:54:33 INFO MemoryStore: ensureFreeSpace(6320) called with curMem=126270, maxMem=2222739947
17/03/13 10:54:33 INFO MemoryStore: Block rdd_11_0 stored as values in memory (estimated size 6.2 KB, free 2.1 GB)
17/03/13 10:54:33 INFO BlockManagerInfo: Added rdd_11_0 in memory on localhost:50073 (size: 6.2 KB, free: 2.1 GB)
17/03/13 10:54:33 INFO Executor: Finished task 1.0 in stage 4.0 (TID 8). 3429 bytes result sent to driver
17/03/13 10:54:33 INFO TaskSetManager: Finished task 1.0 in stage 4.0 (TID 8) in 15 ms on localhost (1/2)
17/03/13 10:54:33 INFO Executor: Finished task 0.0 in stage 4.0 (TID 7). 3428 bytes result sent to driver
17/03/13 10:54:33 INFO TaskSetManager: Finished task 0.0 in stage 4.0 (TID 7) in 19 ms on localhost (2/2)
17/03/13 10:54:33 INFO DAGScheduler: ResultStage 4 (takeOrdered at IterativeFeatureSelection.scala:224) finished in 0.020 s
17/03/13 10:54:33 INFO TaskSchedulerImpl: Removed TaskSet 4.0, whose tasks have all completed, from pool 
17/03/13 10:54:33 INFO DAGScheduler: Job 4 finished: takeOrdered at IterativeFeatureSelection.scala:224, took 0.024926 s
17/03/13 10:54:33 INFO MemoryStore: ensureFreeSpace(72) called with curMem=132590, maxMem=2222739947
17/03/13 10:54:33 INFO MemoryStore: Block broadcast_15 stored as values in memory (estimated size 72.0 B, free 2.1 GB)
17/03/13 10:54:33 INFO MemoryStore: ensureFreeSpace(30) called with curMem=132662, maxMem=2222739947
17/03/13 10:54:33 INFO MemoryStore: Block broadcast_15_piece0 stored as bytes in memory (estimated size 30.0 B, free 2.1 GB)
17/03/13 10:54:33 INFO BlockManagerInfo: Added broadcast_15_piece0 in memory on localhost:50073 (size: 30.0 B, free: 2.1 GB)
17/03/13 10:54:33 INFO SparkContext: Created broadcast 15 from broadcast at IterativeFeatureSelection.scala:227
17/03/13 10:54:33 INFO SparkContext: Starting job: collect at IterativeFeatureSelection.scala:228
17/03/13 10:54:33 INFO DAGScheduler: Got job 5 (collect at IterativeFeatureSelection.scala:228) with 2 output partitions
17/03/13 10:54:33 INFO DAGScheduler: Final stage: ResultStage 5(collect at IterativeFeatureSelection.scala:228)
17/03/13 10:54:33 INFO DAGScheduler: Parents of final stage: List()
17/03/13 10:54:33 INFO DAGScheduler: Missing parents: List()
17/03/13 10:54:33 INFO DAGScheduler: Submitting ResultStage 5 (MapPartitionsRDD[15] at flatMap at IterativeFeatureSelection.scala:228), which has no missing parents
17/03/13 10:54:33 INFO MemoryStore: ensureFreeSpace(4256) called with curMem=132692, maxMem=2222739947
17/03/13 10:54:33 INFO MemoryStore: Block broadcast_16 stored as values in memory (estimated size 4.2 KB, free 2.1 GB)
17/03/13 10:54:33 INFO MemoryStore: ensureFreeSpace(2301) called with curMem=136948, maxMem=2222739947
17/03/13 10:54:33 INFO MemoryStore: Block broadcast_16_piece0 stored as bytes in memory (estimated size 2.2 KB, free 2.1 GB)
17/03/13 10:54:33 INFO BlockManagerInfo: Added broadcast_16_piece0 in memory on localhost:50073 (size: 2.2 KB, free: 2.1 GB)
17/03/13 10:54:33 INFO SparkContext: Created broadcast 16 from broadcast at DAGScheduler.scala:861
17/03/13 10:54:33 INFO DAGScheduler: Submitting 2 missing tasks from ResultStage 5 (MapPartitionsRDD[15] at flatMap at IterativeFeatureSelection.scala:228)
17/03/13 10:54:33 INFO TaskSchedulerImpl: Adding task set 5.0 with 2 tasks
17/03/13 10:54:33 INFO TaskSetManager: Starting task 0.0 in stage 5.0 (TID 9, localhost, PROCESS_LOCAL, 2225 bytes)
17/03/13 10:54:33 INFO TaskSetManager: Starting task 1.0 in stage 5.0 (TID 10, localhost, PROCESS_LOCAL, 2225 bytes)
17/03/13 10:54:33 INFO Executor: Running task 1.0 in stage 5.0 (TID 10)
17/03/13 10:54:33 INFO Executor: Running task 0.0 in stage 5.0 (TID 9)
17/03/13 10:54:33 INFO BlockManager: Found block rdd_11_1 locally
17/03/13 10:54:33 INFO BlockManager: Found block rdd_11_0 locally
17/03/13 10:54:33 INFO Executor: Finished task 1.0 in stage 5.0 (TID 10). 2027 bytes result sent to driver
17/03/13 10:54:33 INFO Executor: Finished task 0.0 in stage 5.0 (TID 9). 2187 bytes result sent to driver
17/03/13 10:54:33 INFO TaskSetManager: Finished task 1.0 in stage 5.0 (TID 10) in 4 ms on localhost (1/2)
17/03/13 10:54:33 INFO TaskSetManager: Finished task 0.0 in stage 5.0 (TID 9) in 5 ms on localhost (2/2)
17/03/13 10:54:33 INFO TaskSchedulerImpl: Removed TaskSet 5.0, whose tasks have all completed, from pool 
17/03/13 10:54:33 INFO DAGScheduler: ResultStage 5 (collect at IterativeFeatureSelection.scala:228) finished in 0.005 s
17/03/13 10:54:33 INFO DAGScheduler: Job 5 finished: collect at IterativeFeatureSelection.scala:228, took 0.010596 s
17/03/13 10:54:33 INFO MemoryStore: ensureFreeSpace(144) called with curMem=139249, maxMem=2222739947
17/03/13 10:54:33 INFO MemoryStore: Block broadcast_17 stored as values in memory (estimated size 144.0 B, free 2.1 GB)
17/03/13 10:54:33 INFO MemoryStore: ensureFreeSpace(74) called with curMem=139393, maxMem=2222739947
17/03/13 10:54:33 INFO MemoryStore: Block broadcast_17_piece0 stored as bytes in memory (estimated size 74.0 B, free 2.1 GB)
17/03/13 10:54:33 INFO BlockManagerInfo: Added broadcast_17_piece0 in memory on localhost:50073 (size: 74.0 B, free: 2.1 GB)
17/03/13 10:54:33 INFO SparkContext: Created broadcast 17 from broadcast at IterativeFeatureSelection.scala:203
17/03/13 10:54:33 INFO MemoryStore: ensureFreeSpace(400) called with curMem=139467, maxMem=2222739947
17/03/13 10:54:33 INFO MemoryStore: Block broadcast_18 stored as values in memory (estimated size 400.0 B, free 2.1 GB)
17/03/13 10:54:33 INFO MemoryStore: ensureFreeSpace(149) called with curMem=139867, maxMem=2222739947
17/03/13 10:54:33 INFO MemoryStore: Block broadcast_18_piece0 stored as bytes in memory (estimated size 149.0 B, free 2.1 GB)
17/03/13 10:54:33 INFO BlockManagerInfo: Added broadcast_18_piece0 in memory on localhost:50073 (size: 149.0 B, free: 2.1 GB)
17/03/13 10:54:33 INFO SparkContext: Created broadcast 18 from broadcast at IterativeFeatureSelection.scala:204
17/03/13 10:54:33 INFO SparkContext: Starting job: takeOrdered at IterativeFeatureSelection.scala:224
17/03/13 10:54:33 INFO DAGScheduler: Got job 6 (takeOrdered at IterativeFeatureSelection.scala:224) with 2 output partitions
17/03/13 10:54:33 INFO DAGScheduler: Final stage: ResultStage 6(takeOrdered at IterativeFeatureSelection.scala:224)
17/03/13 10:54:33 INFO DAGScheduler: Parents of final stage: List()
17/03/13 10:54:33 INFO DAGScheduler: Missing parents: List()
17/03/13 10:54:33 INFO DAGScheduler: Submitting ResultStage 6 (MapPartitionsRDD[18] at takeOrdered at IterativeFeatureSelection.scala:224), which has no missing parents
17/03/13 10:54:33 INFO MemoryStore: ensureFreeSpace(5472) called with curMem=140016, maxMem=2222739947
17/03/13 10:54:33 INFO MemoryStore: Block broadcast_19 stored as values in memory (estimated size 5.3 KB, free 2.1 GB)
17/03/13 10:54:33 INFO MemoryStore: ensureFreeSpace(2826) called with curMem=145488, maxMem=2222739947
17/03/13 10:54:33 INFO MemoryStore: Block broadcast_19_piece0 stored as bytes in memory (estimated size 2.8 KB, free 2.1 GB)
17/03/13 10:54:33 INFO BlockManagerInfo: Added broadcast_19_piece0 in memory on localhost:50073 (size: 2.8 KB, free: 2.1 GB)
17/03/13 10:54:33 INFO SparkContext: Created broadcast 19 from broadcast at DAGScheduler.scala:861
17/03/13 10:54:33 INFO DAGScheduler: Submitting 2 missing tasks from ResultStage 6 (MapPartitionsRDD[18] at takeOrdered at IterativeFeatureSelection.scala:224)
17/03/13 10:54:33 INFO TaskSchedulerImpl: Adding task set 6.0 with 2 tasks
17/03/13 10:54:33 INFO TaskSetManager: Starting task 0.0 in stage 6.0 (TID 11, localhost, PROCESS_LOCAL, 2225 bytes)
17/03/13 10:54:33 INFO TaskSetManager: Starting task 1.0 in stage 6.0 (TID 12, localhost, PROCESS_LOCAL, 2225 bytes)
17/03/13 10:54:33 INFO Executor: Running task 0.0 in stage 6.0 (TID 11)
17/03/13 10:54:33 INFO Executor: Running task 1.0 in stage 6.0 (TID 12)
17/03/13 10:54:33 INFO CacheManager: Partition rdd_16_0 not found, computing it
17/03/13 10:54:33 INFO HadoopRDD: Input split: file:/home/nophiq/github/mrmr/data/mrmr.50x20.rw.x0_7.csv:0+1070
17/03/13 10:54:33 INFO CacheManager: Partition rdd_16_1 not found, computing it
17/03/13 10:54:33 INFO HadoopRDD: Input split: file:/home/nophiq/github/mrmr/data/mrmr.50x20.rw.x0_7.csv:1070+1070
17/03/13 10:54:33 INFO MemoryStore: ensureFreeSpace(6064) called with curMem=148314, maxMem=2222739947
17/03/13 10:54:33 INFO MemoryStore: Block rdd_16_0 stored as values in memory (estimated size 5.9 KB, free 2.1 GB)
17/03/13 10:54:33 INFO MemoryStore: ensureFreeSpace(6064) called with curMem=154378, maxMem=2222739947
17/03/13 10:54:33 INFO MemoryStore: Block rdd_16_1 stored as values in memory (estimated size 5.9 KB, free 2.1 GB)
17/03/13 10:54:33 INFO BlockManagerInfo: Added rdd_16_0 in memory on localhost:50073 (size: 5.9 KB, free: 2.1 GB)
17/03/13 10:54:33 INFO BlockManagerInfo: Added rdd_16_1 in memory on localhost:50073 (size: 5.9 KB, free: 2.1 GB)
17/03/13 10:54:33 INFO Executor: Finished task 1.0 in stage 6.0 (TID 12). 3429 bytes result sent to driver
17/03/13 10:54:33 INFO Executor: Finished task 0.0 in stage 6.0 (TID 11). 3429 bytes result sent to driver
17/03/13 10:54:33 INFO TaskSetManager: Finished task 0.0 in stage 6.0 (TID 11) in 15 ms on localhost (1/2)
17/03/13 10:54:33 INFO TaskSetManager: Finished task 1.0 in stage 6.0 (TID 12) in 16 ms on localhost (2/2)
17/03/13 10:54:33 INFO TaskSchedulerImpl: Removed TaskSet 6.0, whose tasks have all completed, from pool 
17/03/13 10:54:33 INFO DAGScheduler: ResultStage 6 (takeOrdered at IterativeFeatureSelection.scala:224) finished in 0.016 s
17/03/13 10:54:33 INFO DAGScheduler: Job 6 finished: takeOrdered at IterativeFeatureSelection.scala:224, took 0.022167 s
17/03/13 10:54:33 INFO MemoryStore: ensureFreeSpace(72) called with curMem=160442, maxMem=2222739947
17/03/13 10:54:33 INFO MemoryStore: Block broadcast_20 stored as values in memory (estimated size 72.0 B, free 2.1 GB)
17/03/13 10:54:33 INFO MemoryStore: ensureFreeSpace(31) called with curMem=160514, maxMem=2222739947
17/03/13 10:54:33 INFO MemoryStore: Block broadcast_20_piece0 stored as bytes in memory (estimated size 31.0 B, free 2.1 GB)
17/03/13 10:54:33 INFO BlockManagerInfo: Added broadcast_20_piece0 in memory on localhost:50073 (size: 31.0 B, free: 2.1 GB)
17/03/13 10:54:33 INFO SparkContext: Created broadcast 20 from broadcast at IterativeFeatureSelection.scala:227
17/03/13 10:54:33 INFO SparkContext: Starting job: collect at IterativeFeatureSelection.scala:228
17/03/13 10:54:33 INFO DAGScheduler: Got job 7 (collect at IterativeFeatureSelection.scala:228) with 2 output partitions
17/03/13 10:54:33 INFO DAGScheduler: Final stage: ResultStage 7(collect at IterativeFeatureSelection.scala:228)
17/03/13 10:54:33 INFO DAGScheduler: Parents of final stage: List()
17/03/13 10:54:33 INFO DAGScheduler: Missing parents: List()
17/03/13 10:54:33 INFO DAGScheduler: Submitting ResultStage 7 (MapPartitionsRDD[20] at flatMap at IterativeFeatureSelection.scala:228), which has no missing parents
17/03/13 10:54:33 INFO MemoryStore: ensureFreeSpace(4256) called with curMem=160545, maxMem=2222739947
17/03/13 10:54:33 INFO MemoryStore: Block broadcast_21 stored as values in memory (estimated size 4.2 KB, free 2.1 GB)
17/03/13 10:54:33 INFO MemoryStore: ensureFreeSpace(2301) called with curMem=164801, maxMem=2222739947
17/03/13 10:54:33 INFO MemoryStore: Block broadcast_21_piece0 stored as bytes in memory (estimated size 2.2 KB, free 2.1 GB)
17/03/13 10:54:33 INFO BlockManagerInfo: Added broadcast_21_piece0 in memory on localhost:50073 (size: 2.2 KB, free: 2.1 GB)
17/03/13 10:54:33 INFO SparkContext: Created broadcast 21 from broadcast at DAGScheduler.scala:861
17/03/13 10:54:33 INFO DAGScheduler: Submitting 2 missing tasks from ResultStage 7 (MapPartitionsRDD[20] at flatMap at IterativeFeatureSelection.scala:228)
17/03/13 10:54:33 INFO TaskSchedulerImpl: Adding task set 7.0 with 2 tasks
17/03/13 10:54:33 INFO TaskSetManager: Starting task 0.0 in stage 7.0 (TID 13, localhost, PROCESS_LOCAL, 2225 bytes)
17/03/13 10:54:33 INFO TaskSetManager: Starting task 1.0 in stage 7.0 (TID 14, localhost, PROCESS_LOCAL, 2225 bytes)
17/03/13 10:54:33 INFO Executor: Running task 0.0 in stage 7.0 (TID 13)
17/03/13 10:54:33 INFO Executor: Running task 1.0 in stage 7.0 (TID 14)
17/03/13 10:54:33 INFO BlockManager: Found block rdd_16_0 locally
17/03/13 10:54:33 INFO BlockManager: Found block rdd_16_1 locally
17/03/13 10:54:33 INFO Executor: Finished task 0.0 in stage 7.0 (TID 13). 2027 bytes result sent to driver
17/03/13 10:54:33 INFO Executor: Finished task 1.0 in stage 7.0 (TID 14). 2187 bytes result sent to driver
17/03/13 10:54:33 INFO TaskSetManager: Finished task 0.0 in stage 7.0 (TID 13) in 3 ms on localhost (1/2)
17/03/13 10:54:33 INFO TaskSetManager: Finished task 1.0 in stage 7.0 (TID 14) in 3 ms on localhost (2/2)
17/03/13 10:54:33 INFO DAGScheduler: ResultStage 7 (collect at IterativeFeatureSelection.scala:228) finished in 0.003 s
17/03/13 10:54:33 INFO TaskSchedulerImpl: Removed TaskSet 7.0, whose tasks have all completed, from pool 
17/03/13 10:54:33 INFO DAGScheduler: Job 7 finished: collect at IterativeFeatureSelection.scala:228, took 0.009229 s
17/03/13 10:54:33 INFO MemoryStore: ensureFreeSpace(200) called with curMem=167102, maxMem=2222739947
17/03/13 10:54:33 INFO MemoryStore: Block broadcast_22 stored as values in memory (estimated size 200.0 B, free 2.1 GB)
17/03/13 10:54:33 INFO MemoryStore: ensureFreeSpace(79) called with curMem=167302, maxMem=2222739947
17/03/13 10:54:33 INFO MemoryStore: Block broadcast_22_piece0 stored as bytes in memory (estimated size 79.0 B, free 2.1 GB)
17/03/13 10:54:33 INFO BlockManagerInfo: Added broadcast_22_piece0 in memory on localhost:50073 (size: 79.0 B, free: 2.1 GB)
17/03/13 10:54:33 INFO SparkContext: Created broadcast 22 from broadcast at IterativeFeatureSelection.scala:203
17/03/13 10:54:33 INFO MemoryStore: ensureFreeSpace(584) called with curMem=167381, maxMem=2222739947
17/03/13 10:54:33 INFO MemoryStore: Block broadcast_23 stored as values in memory (estimated size 584.0 B, free 2.1 GB)
17/03/13 10:54:33 INFO MemoryStore: ensureFreeSpace(172) called with curMem=167965, maxMem=2222739947
17/03/13 10:54:33 INFO MemoryStore: Block broadcast_23_piece0 stored as bytes in memory (estimated size 172.0 B, free 2.1 GB)
17/03/13 10:54:33 INFO BlockManagerInfo: Added broadcast_23_piece0 in memory on localhost:50073 (size: 172.0 B, free: 2.1 GB)
17/03/13 10:54:33 INFO SparkContext: Created broadcast 23 from broadcast at IterativeFeatureSelection.scala:204
17/03/13 10:54:33 INFO SparkContext: Starting job: takeOrdered at IterativeFeatureSelection.scala:224
17/03/13 10:54:33 INFO DAGScheduler: Got job 8 (takeOrdered at IterativeFeatureSelection.scala:224) with 2 output partitions
17/03/13 10:54:33 INFO DAGScheduler: Final stage: ResultStage 8(takeOrdered at IterativeFeatureSelection.scala:224)
17/03/13 10:54:33 INFO DAGScheduler: Parents of final stage: List()
17/03/13 10:54:33 INFO DAGScheduler: Missing parents: List()
17/03/13 10:54:33 INFO DAGScheduler: Submitting ResultStage 8 (MapPartitionsRDD[23] at takeOrdered at IterativeFeatureSelection.scala:224), which has no missing parents
17/03/13 10:54:33 INFO MemoryStore: ensureFreeSpace(5472) called with curMem=168137, maxMem=2222739947
17/03/13 10:54:33 INFO MemoryStore: Block broadcast_24 stored as values in memory (estimated size 5.3 KB, free 2.1 GB)
17/03/13 10:54:33 INFO MemoryStore: ensureFreeSpace(2826) called with curMem=173609, maxMem=2222739947
17/03/13 10:54:33 INFO MemoryStore: Block broadcast_24_piece0 stored as bytes in memory (estimated size 2.8 KB, free 2.1 GB)
17/03/13 10:54:33 INFO BlockManagerInfo: Added broadcast_24_piece0 in memory on localhost:50073 (size: 2.8 KB, free: 2.1 GB)
17/03/13 10:54:33 INFO SparkContext: Created broadcast 24 from broadcast at DAGScheduler.scala:861
17/03/13 10:54:33 INFO DAGScheduler: Submitting 2 missing tasks from ResultStage 8 (MapPartitionsRDD[23] at takeOrdered at IterativeFeatureSelection.scala:224)
17/03/13 10:54:33 INFO TaskSchedulerImpl: Adding task set 8.0 with 2 tasks
17/03/13 10:54:33 INFO TaskSetManager: Starting task 0.0 in stage 8.0 (TID 15, localhost, PROCESS_LOCAL, 2225 bytes)
17/03/13 10:54:33 INFO TaskSetManager: Starting task 1.0 in stage 8.0 (TID 16, localhost, PROCESS_LOCAL, 2225 bytes)
17/03/13 10:54:33 INFO Executor: Running task 0.0 in stage 8.0 (TID 15)
17/03/13 10:54:33 INFO Executor: Running task 1.0 in stage 8.0 (TID 16)
17/03/13 10:54:33 INFO CacheManager: Partition rdd_21_0 not found, computing it
17/03/13 10:54:33 INFO HadoopRDD: Input split: file:/home/nophiq/github/mrmr/data/mrmr.50x20.rw.x0_7.csv:0+1070
17/03/13 10:54:33 INFO CacheManager: Partition rdd_21_1 not found, computing it
17/03/13 10:54:33 INFO HadoopRDD: Input split: file:/home/nophiq/github/mrmr/data/mrmr.50x20.rw.x0_7.csv:1070+1070
17/03/13 10:54:33 INFO MemoryStore: ensureFreeSpace(6064) called with curMem=176435, maxMem=2222739947
17/03/13 10:54:33 INFO MemoryStore: Block rdd_21_0 stored as values in memory (estimated size 5.9 KB, free 2.1 GB)
17/03/13 10:54:33 INFO MemoryStore: ensureFreeSpace(5816) called with curMem=182499, maxMem=2222739947
17/03/13 10:54:33 INFO BlockManagerInfo: Added rdd_21_0 in memory on localhost:50073 (size: 5.9 KB, free: 2.1 GB)
17/03/13 10:54:33 INFO MemoryStore: Block rdd_21_1 stored as values in memory (estimated size 5.7 KB, free 2.1 GB)
17/03/13 10:54:33 INFO BlockManagerInfo: Added rdd_21_1 in memory on localhost:50073 (size: 5.7 KB, free: 2.1 GB)
17/03/13 10:54:33 INFO Executor: Finished task 1.0 in stage 8.0 (TID 16). 3429 bytes result sent to driver
17/03/13 10:54:33 INFO Executor: Finished task 0.0 in stage 8.0 (TID 15). 3429 bytes result sent to driver
17/03/13 10:54:33 INFO TaskSetManager: Finished task 1.0 in stage 8.0 (TID 16) in 15 ms on localhost (1/2)
17/03/13 10:54:33 INFO TaskSetManager: Finished task 0.0 in stage 8.0 (TID 15) in 17 ms on localhost (2/2)
17/03/13 10:54:33 INFO DAGScheduler: ResultStage 8 (takeOrdered at IterativeFeatureSelection.scala:224) finished in 0.018 s
17/03/13 10:54:33 INFO TaskSchedulerImpl: Removed TaskSet 8.0, whose tasks have all completed, from pool 
17/03/13 10:54:33 INFO DAGScheduler: Job 8 finished: takeOrdered at IterativeFeatureSelection.scala:224, took 0.022468 s
17/03/13 10:54:33 INFO MemoryStore: ensureFreeSpace(72) called with curMem=188315, maxMem=2222739947
17/03/13 10:54:33 INFO MemoryStore: Block broadcast_25 stored as values in memory (estimated size 72.0 B, free 2.1 GB)
17/03/13 10:54:33 INFO MemoryStore: ensureFreeSpace(31) called with curMem=188387, maxMem=2222739947
17/03/13 10:54:33 INFO MemoryStore: Block broadcast_25_piece0 stored as bytes in memory (estimated size 31.0 B, free 2.1 GB)
17/03/13 10:54:33 INFO BlockManagerInfo: Added broadcast_25_piece0 in memory on localhost:50073 (size: 31.0 B, free: 2.1 GB)
17/03/13 10:54:33 INFO SparkContext: Created broadcast 25 from broadcast at IterativeFeatureSelection.scala:227
17/03/13 10:54:33 INFO SparkContext: Starting job: collect at IterativeFeatureSelection.scala:228
17/03/13 10:54:33 INFO DAGScheduler: Got job 9 (collect at IterativeFeatureSelection.scala:228) with 2 output partitions
17/03/13 10:54:33 INFO DAGScheduler: Final stage: ResultStage 9(collect at IterativeFeatureSelection.scala:228)
17/03/13 10:54:33 INFO DAGScheduler: Parents of final stage: List()
17/03/13 10:54:33 INFO DAGScheduler: Missing parents: List()
17/03/13 10:54:33 INFO DAGScheduler: Submitting ResultStage 9 (MapPartitionsRDD[25] at flatMap at IterativeFeatureSelection.scala:228), which has no missing parents
17/03/13 10:54:33 INFO MemoryStore: ensureFreeSpace(4256) called with curMem=188418, maxMem=2222739947
17/03/13 10:54:33 INFO MemoryStore: Block broadcast_26 stored as values in memory (estimated size 4.2 KB, free 2.1 GB)
17/03/13 10:54:33 INFO MemoryStore: ensureFreeSpace(2301) called with curMem=192674, maxMem=2222739947
17/03/13 10:54:33 INFO MemoryStore: Block broadcast_26_piece0 stored as bytes in memory (estimated size 2.2 KB, free 2.1 GB)
17/03/13 10:54:33 INFO BlockManagerInfo: Added broadcast_26_piece0 in memory on localhost:50073 (size: 2.2 KB, free: 2.1 GB)
17/03/13 10:54:33 INFO SparkContext: Created broadcast 26 from broadcast at DAGScheduler.scala:861
17/03/13 10:54:33 INFO DAGScheduler: Submitting 2 missing tasks from ResultStage 9 (MapPartitionsRDD[25] at flatMap at IterativeFeatureSelection.scala:228)
17/03/13 10:54:33 INFO TaskSchedulerImpl: Adding task set 9.0 with 2 tasks
17/03/13 10:54:33 INFO TaskSetManager: Starting task 0.0 in stage 9.0 (TID 17, localhost, PROCESS_LOCAL, 2225 bytes)
17/03/13 10:54:33 INFO TaskSetManager: Starting task 1.0 in stage 9.0 (TID 18, localhost, PROCESS_LOCAL, 2225 bytes)
17/03/13 10:54:33 INFO Executor: Running task 0.0 in stage 9.0 (TID 17)
17/03/13 10:54:33 INFO Executor: Running task 1.0 in stage 9.0 (TID 18)
17/03/13 10:54:33 INFO BlockManager: Found block rdd_21_0 locally
17/03/13 10:54:33 INFO BlockManager: Found block rdd_21_1 locally
17/03/13 10:54:33 INFO Executor: Finished task 1.0 in stage 9.0 (TID 18). 2187 bytes result sent to driver
17/03/13 10:54:33 INFO Executor: Finished task 0.0 in stage 9.0 (TID 17). 2027 bytes result sent to driver
17/03/13 10:54:33 INFO TaskSetManager: Finished task 1.0 in stage 9.0 (TID 18) in 4 ms on localhost (1/2)
17/03/13 10:54:33 INFO TaskSetManager: Finished task 0.0 in stage 9.0 (TID 17) in 4 ms on localhost (2/2)
17/03/13 10:54:33 INFO TaskSchedulerImpl: Removed TaskSet 9.0, whose tasks have all completed, from pool 
17/03/13 10:54:33 INFO DAGScheduler: ResultStage 9 (collect at IterativeFeatureSelection.scala:228) finished in 0.004 s
17/03/13 10:54:33 INFO DAGScheduler: Job 9 finished: collect at IterativeFeatureSelection.scala:228, took 0.010236 s
17/03/13 10:54:33 INFO MemoryStore: ensureFreeSpace(248) called with curMem=194975, maxMem=2222739947
17/03/13 10:54:33 INFO MemoryStore: Block broadcast_27 stored as values in memory (estimated size 248.0 B, free 2.1 GB)
17/03/13 10:54:33 INFO MemoryStore: ensureFreeSpace(85) called with curMem=195223, maxMem=2222739947
17/03/13 10:54:33 INFO MemoryStore: Block broadcast_27_piece0 stored as bytes in memory (estimated size 85.0 B, free 2.1 GB)
17/03/13 10:54:33 INFO BlockManagerInfo: Added broadcast_27_piece0 in memory on localhost:50073 (size: 85.0 B, free: 2.1 GB)
17/03/13 10:54:33 INFO SparkContext: Created broadcast 27 from broadcast at IterativeFeatureSelection.scala:203
17/03/13 10:54:33 INFO MemoryStore: ensureFreeSpace(760) called with curMem=195308, maxMem=2222739947
17/03/13 10:54:33 INFO MemoryStore: Block broadcast_28 stored as values in memory (estimated size 760.0 B, free 2.1 GB)
17/03/13 10:54:33 INFO MemoryStore: ensureFreeSpace(208) called with curMem=196068, maxMem=2222739947
17/03/13 10:54:33 INFO MemoryStore: Block broadcast_28_piece0 stored as bytes in memory (estimated size 208.0 B, free 2.1 GB)
17/03/13 10:54:33 INFO BlockManagerInfo: Added broadcast_28_piece0 in memory on localhost:50073 (size: 208.0 B, free: 2.1 GB)
17/03/13 10:54:33 INFO SparkContext: Created broadcast 28 from broadcast at IterativeFeatureSelection.scala:204
17/03/13 10:54:33 INFO SparkContext: Starting job: takeOrdered at IterativeFeatureSelection.scala:224
17/03/13 10:54:33 INFO DAGScheduler: Got job 10 (takeOrdered at IterativeFeatureSelection.scala:224) with 2 output partitions
17/03/13 10:54:33 INFO DAGScheduler: Final stage: ResultStage 10(takeOrdered at IterativeFeatureSelection.scala:224)
17/03/13 10:54:33 INFO DAGScheduler: Parents of final stage: List()
17/03/13 10:54:33 INFO DAGScheduler: Missing parents: List()
17/03/13 10:54:33 INFO DAGScheduler: Submitting ResultStage 10 (MapPartitionsRDD[28] at takeOrdered at IterativeFeatureSelection.scala:224), which has no missing parents
17/03/13 10:54:33 INFO MemoryStore: ensureFreeSpace(5472) called with curMem=196276, maxMem=2222739947
17/03/13 10:54:33 INFO MemoryStore: Block broadcast_29 stored as values in memory (estimated size 5.3 KB, free 2.1 GB)
17/03/13 10:54:33 INFO MemoryStore: ensureFreeSpace(2833) called with curMem=201748, maxMem=2222739947
17/03/13 10:54:33 INFO MemoryStore: Block broadcast_29_piece0 stored as bytes in memory (estimated size 2.8 KB, free 2.1 GB)
17/03/13 10:54:33 INFO BlockManagerInfo: Added broadcast_29_piece0 in memory on localhost:50073 (size: 2.8 KB, free: 2.1 GB)
17/03/13 10:54:33 INFO SparkContext: Created broadcast 29 from broadcast at DAGScheduler.scala:861
17/03/13 10:54:33 INFO DAGScheduler: Submitting 2 missing tasks from ResultStage 10 (MapPartitionsRDD[28] at takeOrdered at IterativeFeatureSelection.scala:224)
17/03/13 10:54:33 INFO TaskSchedulerImpl: Adding task set 10.0 with 2 tasks
17/03/13 10:54:33 INFO TaskSetManager: Starting task 0.0 in stage 10.0 (TID 19, localhost, PROCESS_LOCAL, 2225 bytes)
17/03/13 10:54:33 INFO TaskSetManager: Starting task 1.0 in stage 10.0 (TID 20, localhost, PROCESS_LOCAL, 2225 bytes)
17/03/13 10:54:33 INFO Executor: Running task 0.0 in stage 10.0 (TID 19)
17/03/13 10:54:33 INFO Executor: Running task 1.0 in stage 10.0 (TID 20)
17/03/13 10:54:33 INFO CacheManager: Partition rdd_26_1 not found, computing it
17/03/13 10:54:33 INFO HadoopRDD: Input split: file:/home/nophiq/github/mrmr/data/mrmr.50x20.rw.x0_7.csv:1070+1070
17/03/13 10:54:33 INFO CacheManager: Partition rdd_26_0 not found, computing it
17/03/13 10:54:33 INFO HadoopRDD: Input split: file:/home/nophiq/github/mrmr/data/mrmr.50x20.rw.x0_7.csv:0+1070
17/03/13 10:54:33 INFO MemoryStore: ensureFreeSpace(5560) called with curMem=204581, maxMem=2222739947
17/03/13 10:54:33 INFO MemoryStore: Block rdd_26_1 stored as values in memory (estimated size 5.4 KB, free 2.1 GB)
17/03/13 10:54:33 INFO MemoryStore: ensureFreeSpace(6064) called with curMem=210141, maxMem=2222739947
17/03/13 10:54:33 INFO BlockManagerInfo: Added rdd_26_1 in memory on localhost:50073 (size: 5.4 KB, free: 2.1 GB)
17/03/13 10:54:33 INFO MemoryStore: Block rdd_26_0 stored as values in memory (estimated size 5.9 KB, free 2.1 GB)
17/03/13 10:54:33 INFO BlockManagerInfo: Added rdd_26_0 in memory on localhost:50073 (size: 5.9 KB, free: 2.1 GB)
17/03/13 10:54:33 INFO Executor: Finished task 0.0 in stage 10.0 (TID 19). 3429 bytes result sent to driver
17/03/13 10:54:33 INFO Executor: Finished task 1.0 in stage 10.0 (TID 20). 3429 bytes result sent to driver
17/03/13 10:54:33 INFO TaskSetManager: Finished task 0.0 in stage 10.0 (TID 19) in 14 ms on localhost (1/2)
17/03/13 10:54:33 INFO TaskSetManager: Finished task 1.0 in stage 10.0 (TID 20) in 16 ms on localhost (2/2)
17/03/13 10:54:33 INFO DAGScheduler: ResultStage 10 (takeOrdered at IterativeFeatureSelection.scala:224) finished in 0.016 s
17/03/13 10:54:33 INFO TaskSchedulerImpl: Removed TaskSet 10.0, whose tasks have all completed, from pool 
17/03/13 10:54:33 INFO DAGScheduler: Job 10 finished: takeOrdered at IterativeFeatureSelection.scala:224, took 0.021636 s
17/03/13 10:54:33 INFO MemoryStore: ensureFreeSpace(72) called with curMem=216205, maxMem=2222739947
17/03/13 10:54:33 INFO MemoryStore: Block broadcast_30 stored as values in memory (estimated size 72.0 B, free 2.1 GB)
17/03/13 10:54:33 INFO MemoryStore: ensureFreeSpace(31) called with curMem=216277, maxMem=2222739947
17/03/13 10:54:33 INFO MemoryStore: Block broadcast_30_piece0 stored as bytes in memory (estimated size 31.0 B, free 2.1 GB)
17/03/13 10:54:33 INFO BlockManagerInfo: Added broadcast_30_piece0 in memory on localhost:50073 (size: 31.0 B, free: 2.1 GB)
17/03/13 10:54:33 INFO SparkContext: Created broadcast 30 from broadcast at IterativeFeatureSelection.scala:227
17/03/13 10:54:33 INFO SparkContext: Starting job: collect at IterativeFeatureSelection.scala:228
17/03/13 10:54:33 INFO DAGScheduler: Got job 11 (collect at IterativeFeatureSelection.scala:228) with 2 output partitions
17/03/13 10:54:33 INFO DAGScheduler: Final stage: ResultStage 11(collect at IterativeFeatureSelection.scala:228)
17/03/13 10:54:33 INFO DAGScheduler: Parents of final stage: List()
17/03/13 10:54:33 INFO DAGScheduler: Missing parents: List()
17/03/13 10:54:33 INFO DAGScheduler: Submitting ResultStage 11 (MapPartitionsRDD[30] at flatMap at IterativeFeatureSelection.scala:228), which has no missing parents
17/03/13 10:54:33 INFO MemoryStore: ensureFreeSpace(4256) called with curMem=216308, maxMem=2222739947
17/03/13 10:54:33 INFO MemoryStore: Block broadcast_31 stored as values in memory (estimated size 4.2 KB, free 2.1 GB)
17/03/13 10:54:33 INFO MemoryStore: ensureFreeSpace(2306) called with curMem=220564, maxMem=2222739947
17/03/13 10:54:33 INFO MemoryStore: Block broadcast_31_piece0 stored as bytes in memory (estimated size 2.3 KB, free 2.1 GB)
17/03/13 10:54:33 INFO BlockManagerInfo: Added broadcast_31_piece0 in memory on localhost:50073 (size: 2.3 KB, free: 2.1 GB)
17/03/13 10:54:33 INFO SparkContext: Created broadcast 31 from broadcast at DAGScheduler.scala:861
17/03/13 10:54:33 INFO DAGScheduler: Submitting 2 missing tasks from ResultStage 11 (MapPartitionsRDD[30] at flatMap at IterativeFeatureSelection.scala:228)
17/03/13 10:54:33 INFO TaskSchedulerImpl: Adding task set 11.0 with 2 tasks
17/03/13 10:54:33 INFO TaskSetManager: Starting task 0.0 in stage 11.0 (TID 21, localhost, PROCESS_LOCAL, 2225 bytes)
17/03/13 10:54:33 INFO TaskSetManager: Starting task 1.0 in stage 11.0 (TID 22, localhost, PROCESS_LOCAL, 2225 bytes)
17/03/13 10:54:33 INFO Executor: Running task 0.0 in stage 11.0 (TID 21)
17/03/13 10:54:33 INFO Executor: Running task 1.0 in stage 11.0 (TID 22)
17/03/13 10:54:33 INFO BlockManager: Found block rdd_26_0 locally
17/03/13 10:54:33 INFO BlockManager: Found block rdd_26_1 locally
17/03/13 10:54:33 INFO Executor: Finished task 0.0 in stage 11.0 (TID 21). 2187 bytes result sent to driver
17/03/13 10:54:33 INFO Executor: Finished task 1.0 in stage 11.0 (TID 22). 2027 bytes result sent to driver
17/03/13 10:54:33 INFO TaskSetManager: Finished task 0.0 in stage 11.0 (TID 21) in 3 ms on localhost (1/2)
17/03/13 10:54:33 INFO TaskSetManager: Finished task 1.0 in stage 11.0 (TID 22) in 3 ms on localhost (2/2)
17/03/13 10:54:33 INFO TaskSchedulerImpl: Removed TaskSet 11.0, whose tasks have all completed, from pool 
17/03/13 10:54:33 INFO DAGScheduler: ResultStage 11 (collect at IterativeFeatureSelection.scala:228) finished in 0.004 s
17/03/13 10:54:33 INFO DAGScheduler: Job 11 finished: collect at IterativeFeatureSelection.scala:228, took 0.008961 s
17/03/13 10:54:33 INFO SparkContext: Invoking stop() from shutdown hook
17/03/13 10:54:34 INFO SparkUI: Stopped Spark web UI at http://192.168.3.154:4040
17/03/13 10:54:34 INFO DAGScheduler: Stopping DAGScheduler
17/03/13 10:54:34 INFO MapOutputTrackerMasterEndpoint: MapOutputTrackerMasterEndpoint stopped!
17/03/13 10:54:34 INFO MemoryStore: MemoryStore cleared
17/03/13 10:54:34 INFO BlockManager: BlockManager stopped
17/03/13 10:54:34 INFO BlockManagerMaster: BlockManagerMaster stopped
17/03/13 10:54:34 INFO OutputCommitCoordinator$OutputCommitCoordinatorEndpoint: OutputCommitCoordinator stopped!
17/03/13 10:54:34 INFO SparkContext: Successfully stopped SparkContext
17/03/13 10:54:34 INFO ShutdownHookManager: Shutdown hook called
17/03/13 10:54:34 INFO ShutdownHookManager: Deleting directory /tmp/spark-a0874a9a-d3fe-46ab-9eee-460112de2e4e
