mRMR row-wise operation selected

  iteration 1th:
    label: 2PNab
    score: 0.41997309402197497
    selected: 2PNab

  iteration 2th:
    label: w129m
    score: 0.2099865470109874
    selected: 2PNab, w129m

  iteration 3th:
    label: dplNi
    score: 0.12451124978365315
    selected: 2PNab, w129m, dplNi

  iteration 4th:
    label: CYSPS
    score: 0.1346586974410717
    selected: 2PNab, w129m, dplNi, CYSPS

  iteration 5th:
    label: RAGWi
    score: 0.11993951333260251
    selected: 2PNab, w129m, dplNi, CYSPS, RAGWi

  iteration 6th:
    label: lIZcI
    score: 0.1216801481181122
    selected: 2PNab, w129m, dplNi, CYSPS, RAGWi, lIZcI

  iteration 7th:
    label: nnN4n
    score: 0.06920821568094318
    selected: 2PNab, w129m, dplNi, CYSPS, RAGWi, lIZcI, nnN4n

  iteration 8th:
    label: MpGTB
    score: 0.07478974586706633
    selected: 2PNab, w129m, dplNi, CYSPS, RAGWi, lIZcI, nnN4n, MpGTB

  iteration 9th:
    label: c0P2O
    score: 0.04962338213768632
    selected: 2PNab, w129m, dplNi, CYSPS, RAGWi, lIZcI, nnN4n, MpGTB, c0P2O

  iteration 10th:
    label: wXiHc
    score: 0.03343551400885445
    selected: 2PNab, w129m, dplNi, CYSPS, RAGWi, lIZcI, nnN4n, MpGTB, c0P2O, wXiHc
